<?xml version="1.0" encoding="UTF-8"?>
<testsuite name="com.fridaymastermix.ApiTestTest" tests="1" skipped="0" failures="0" errors="0" timestamp="2022-01-10T15:42:34" hostname="LoveUbuntu" time="0.009">
  <properties/>
  <testcase name="testItWorks()" classname="com.fridaymastermix.ApiTestTest" time="0.009"/>
  <system-out><![CDATA[?[36m16:42:34.694?[0;39m ?[1;30m[Test worker]?[0;39m ?[34mINFO ?[0;39m ?[35mi.m.context.env.DefaultEnvironment?[0;39m - Established active environments: [test]
]]></system-out>
  <system-err><![CDATA[]]></system-err>
</testsuite>
